tee: ./logs/system_monitor.log: No such file or directory
Disk I/O usage (device and utilization %):
Linux    
Device   d/s
nvme0n1  0.00
tee: ./logs/system_monitor.log: No such file or directory
Disk I/O usage (device and utilization %):
Linux    
Device   d/s
nvme0n1  0.00
tee: ./logs/system_monitor.log: No such file or directory
Disk I/O usage (device and utilization %):
Linux    
Device   d/s
nvme0n1  0.00
tee: ./logs/system_monitor.log: No such file or directory
Disk I/O usage (device and utilization %):
Linux    
Device   d/s
nvme0n1  0.00
tee: ./logs/system_monitor.log: No such file or directory
Disk I/O usage (device and utilization %):
Linux    
Device   d/s
nvme0n1  0.00
tee: ./logs/system_monitor.log: No such file or directory
Disk I/O usage (device and utilization %):
Linux    
Device   d/s
nvme0n1  0.00
tee: ./logs/system_monitor.log: No such file or directory
Disk I/O usage (device and utilization %):
Linux    
Device   d/s
nvme0n1  0.00
tee: ./logs/system_monitor.log: No such file or directory
Disk I/O usage (device and utilization %):
Linux    
Device   d/s
nvme0n1  0.00
tee: ./logs/system_monitor.log: No such file or directory
Disk I/O usage (device and utilization %):
Linux    
Device   d/s
nvme0n1  0.00
tee: ./logs/system_monitor.log: No such file or directory
Disk I/O usage (device and utilization %):
Linux    
Device   d/s
nvme0n1  0.00
tee: ./logs/system_monitor.log: No such file or directory
Disk I/O usage (device and utilization %):
Linux    
Device   d/s
nvme0n1  0.00
tee: ./logs/system_monitor.log: No such file or directory
Disk I/O usage (device and utilization %):
Linux    
Device   d/s
nvme0n1  0.00
tee: ./logs/system_monitor.log: No such file or directory
Disk I/O usage (device and utilization %):
Linux    
Device   d/s
nvme0n1  0.00
tee: ./logs/system_monitor.log: No such file or directory
Disk I/O usage (device and utilization %):
Linux    
Device   d/s
nvme0n1  0.00
tee: ./logs/system_monitor.log: No such file or directory
Disk I/O usage (device and utilization %):
Linux    
Device   d/s
nvme0n1  0.00
tee: ./logs/system_monitor.log: No such file or directory
Disk I/O usage (device and utilization %):
Linux    
Device   d/s
nvme0n1  0.00
tee: ./logs/system_monitor.log: No such file or directory
Disk I/O usage (device and utilization %):
Linux    
Device   d/s
nvme0n1  0.00
tee: ./logs/system_monitor.log: No such file or directory
Disk I/O usage (device and utilization %):
Linux    
Device   d/s
nvme0n1  0.00
tee: ./logs/system_monitor.log: No such file or directory
Disk I/O usage (device and utilization %):
Linux    
Device   d/s
nvme0n1  0.00
tee: ./logs/system_monitor.log: No such file or directory
Disk I/O usage (device and utilization %):
Linux    
Device   d/s
nvme0n1  0.00
tee: ./logs/system_monitor.log: No such file or directory
Disk I/O usage (device and utilization %):
Linux    
Device   d/s
nvme0n1  0.00
tee: ./logs/system_monitor.log: No such file or directory
Disk I/O usage (device and utilization %):
Linux    
Device   d/s
nvme0n1  0.00
tee: ./logs/system_monitor.log: No such file or directory
Disk I/O usage (device and utilization %):
Linux    
Device   d/s
nvme0n1  0.00
